<?xml version="1.0" encoding="UTF-8"?>
<!-- Generated by org.testng.reporters.JUnitReportReporter -->
<testsuite hostname="Amit" failures="0" tests="3" name="HandlingDropDown.DataProviderExample" time="36.068" errors="0" timestamp="4 Oct 2019 17:41:47 GMT">
  <testcase classname="HandlingDropDown.DataProviderExample" name="createEmployee" time="11.326"/>
  <testcase classname="HandlingDropDown.DataProviderExample" name="createEmployee" time="10.914"/>
  <testcase classname="HandlingDropDown.DataProviderExample" name="createEmployee" time="13.828"/>
</testsuite> <!-- HandlingDropDown.DataProviderExample -->
